<?xml version="1.0" encoding="UTF-8"?>
<!-- Generated by org.testng.reporters.JUnitXMLReporter -->
<testsuite ignored="0" hostname="DESKTOP-7UHOTA0" failures="0" tests="2" name="Error Validations Test" time="17.318" errors="0" timestamp="2025-07-17T11:56:51 IST">
  <testcase classname="seleniumCourse.seleniumFrameDesign.ErrorValidations" name="errorMsg" time="1.002"/>
  <testcase classname="seleniumCourse.seleniumFrameDesign.ErrorValidations" name="pdtErrorValidation" time="4.835"/>
</testsuite> <!-- Error Validations Test -->
