<?xml version="1.0" encoding="UTF-8"?>
<!-- Generated by org.testng.reporters.JUnitXMLReporter -->
<testsuite ignored="0" hostname="DESKTOP-7UHOTA0" failures="0" tests="3" name="Standalone Test" time="35.94" errors="0" timestamp="2025-07-17T11:57:08 IST">
  <testcase classname="seleniumCourse.seleniumFrameDesign.StandalonePOMTest" name="Standalone" time="15.836"/>
  <testcase classname="seleniumCourse.seleniumFrameDesign.StandalonePOMTest" name="Standalone" time="5.524"/>
  <testcase classname="seleniumCourse.seleniumFrameDesign.StandalonePOMTest" name="orderHistoryTest" time="1.127"/>
</testsuite> <!-- Standalone Test -->
