<?xml version="1.0" encoding="UTF-8"?>
<!-- Generated by org.testng.reporters.JUnitXMLReporter -->
<testsuite ignored="1" hostname="DESKTOP-7UHOTA0" failures="0" tests="1" name="Error Validations Test(failed)" time="18.903" errors="0" timestamp="2025-07-07T15:59:42 IST">
  <testcase classname="seleniumCourse.seleniumFrameDesign.ErrorValidations" name="pdtErrorValidation" time="14.27"/>
  <testcase classname="seleniumCourse.seleniumFrameDesign.ErrorValidations" name="errorMsg" time="0.0">
    <ignored/>
  </testcase> <!-- errorMsg -->
</testsuite> <!-- Error Validations Test(failed) -->
